

times in msec
 clock   self+sourced   self:  sourced script
 clock   elapsed:              other lines

000.011  000.011: --- VIM STARTING ---
000.150  000.139: Allocated generic buffers
000.591  000.441: locale set
000.603  000.012: GUI prepared
000.605  000.002: clipboard setup
000.612  000.007: window checked
001.222  000.610: inits 1
001.238  000.016: parsing arguments
004.560  003.322: expanding arguments
007.165  002.605: shell init
007.510  000.345: Termcap init
007.542  000.032: inits 2
009.210  001.668: init highlight
009.629  000.299  000.299: sourcing $VIM/vimrc
011.829  001.990  001.990: sourcing /Users/nathan/.vim/autoload/plug.vim
021.584  006.066  006.066: sourcing /Applications/MacVim.app/Contents/Resources/vim/runtime/filetype.vim
021.820  000.047  000.047: sourcing /Applications/MacVim.app/Contents/Resources/vim/runtime/ftplugin.vim
022.032  000.037  000.037: sourcing /Applications/MacVim.app/Contents/Resources/vim/runtime/indent.vim
022.749  000.243  000.243: sourcing /Applications/MacVim.app/Contents/Resources/vim/runtime/syntax/syncolor.vim
022.860  000.531  000.288: sourcing /Applications/MacVim.app/Contents/Resources/vim/runtime/syntax/synload.vim
022.962  000.817  000.286: sourcing /Applications/MacVim.app/Contents/Resources/vim/runtime/syntax/syntax.vim
023.193  013.446  004.489: sourcing $HOME/.vimrc
023.201  000.246: sourcing vimrc file(s)
024.416  000.113  000.113: sourcing /Users/nathan/.vim/plugged/ale/autoload/ale/events.vim
024.617  001.061  000.948: sourcing /Users/nathan/.vim/plugged/ale/plugin/ale.vim
025.096  000.309  000.309: sourcing /Users/nathan/.vim/plugged/vim-vinegar/plugin/vinegar.vim
026.238  000.466  000.466: sourcing /Users/nathan/.vim/plugged/delimitMate/autoload/delimitMate.vim
028.812  003.552  003.086: sourcing /Users/nathan/.vim/plugged/delimitMate/plugin/delimitMate.vim
029.680  000.196  000.196: sourcing /Users/nathan/.vim/plugged/vim-airline/autoload/airline/init.vim
030.273  000.107  000.107: sourcing /Users/nathan/.vim/plugged/vim-airline/autoload/airline/parts.vim
030.580  000.018  000.018: sourcing /Users/nathan/.vim/plugged/vim-airline/autoload/airline/formatter/short_path.vim
033.056  000.242  000.242: sourcing /Users/nathan/.vim/plugged/vim-airline/autoload/airline/util.vim
033.315  004.265  003.702: sourcing /Users/nathan/.vim/plugged/vim-airline/plugin/airline.vim
033.685  000.053  000.053: sourcing /Users/nathan/.vim/plugged/vim-airline-themes/plugin/airline-themes.vim
034.337  000.312  000.312: sourcing /Users/nathan/.vim/plugged/vim-yankstack/autoload/yankstack.vim
034.963  001.086  000.774: sourcing /Users/nathan/.vim/plugged/vim-yankstack/plugin/yankstack.vim
035.637  000.510  000.510: sourcing /Users/nathan/.vim/plugged/vim-surround/plugin/surround.vim
036.005  000.018  000.018: sourcing /Applications/MacVim.app/Contents/Resources/vim/runtime/filetype.vim
036.193  000.013  000.013: sourcing /Applications/MacVim.app/Contents/Resources/vim/runtime/ftplugin.vim
036.373  000.012  000.012: sourcing /Applications/MacVim.app/Contents/Resources/vim/runtime/indent.vim
038.165  000.274  000.274: sourcing /Applications/MacVim.app/Contents/Resources/vim/runtime/pack/dist/opt/matchit/plugin/matchit.vim
038.222  001.090  000.816: sourcing /Applications/MacVim.app/Contents/Resources/vim/runtime/macros/matchit.vim
038.279  002.487  001.354: sourcing /Users/nathan/.vim/plugged/vim-sensible/plugin/sensible.vim
038.956  000.064  000.064: sourcing /Applications/MacVim.app/Contents/Resources/vim/runtime/plugin/getscriptPlugin.vim
039.341  000.324  000.324: sourcing /Applications/MacVim.app/Contents/Resources/vim/runtime/plugin/gzip.vim
039.638  000.234  000.234: sourcing /Applications/MacVim.app/Contents/Resources/vim/runtime/plugin/logiPat.vim
039.736  000.032  000.032: sourcing /Applications/MacVim.app/Contents/Resources/vim/runtime/plugin/manpager.vim
039.984  000.190  000.190: sourcing /Applications/MacVim.app/Contents/Resources/vim/runtime/plugin/matchparen.vim
040.642  000.588  000.588: sourcing /Applications/MacVim.app/Contents/Resources/vim/runtime/plugin/netrwPlugin.vim
040.915  000.103  000.103: sourcing /Applications/MacVim.app/Contents/Resources/vim/runtime/plugin/rrhelper.vim
041.165  000.041  000.041: sourcing /Applications/MacVim.app/Contents/Resources/vim/runtime/plugin/spellfile.vim
041.541  000.295  000.295: sourcing /Applications/MacVim.app/Contents/Resources/vim/runtime/plugin/tarPlugin.vim
041.763  000.124  000.124: sourcing /Applications/MacVim.app/Contents/Resources/vim/runtime/plugin/tohtml.vim
042.035  000.193  000.193: sourcing /Applications/MacVim.app/Contents/Resources/vim/runtime/plugin/vimballPlugin.vim
042.342  000.217  000.217: sourcing /Applications/MacVim.app/Contents/Resources/vim/runtime/plugin/zipPlugin.vim
042.351  003.422: loading plugins
042.473  000.122: loading packages
042.513  000.040: loading after plugins
042.518  000.005: inits 3
046.913  004.395: reading viminfo
046.947  000.034: setting raw mode
046.969  000.022: start termcap
046.982  000.013: clearing screen
047.438  000.238  000.238: sourcing /Users/nathan/.vim/plugged/ale/autoload/ale.vim
048.086  000.386  000.386: sourcing /Users/nathan/.vim/plugged/vim-airline/autoload/airline/extensions.vim
048.323  000.062  000.062: sourcing /Users/nathan/.vim/plugged/vim-airline/autoload/airline/extensions/quickfix.vim
048.657  000.204  000.204: sourcing /Users/nathan/.vim/plugged/vim-airline/autoload/airline.vim
048.896  000.041  000.041: sourcing /Users/nathan/.vim/plugged/vim-airline/autoload/airline/extensions/netrw.vim
049.350  000.077  000.077: sourcing /Users/nathan/.vim/plugged/vim-airline/autoload/airline/section.vim
049.825  000.246  000.246: sourcing /Users/nathan/.vim/plugged/vim-airline/autoload/airline/highlighter.vim
050.214  001.131  000.808: sourcing /Users/nathan/.vim/plugged/vim-airline/autoload/airline/extensions/term.vim
050.724  000.112  000.112: sourcing /Users/nathan/.vim/plugged/vim-airline/autoload/airline/extensions/ale.vim
051.234  000.154  000.154: sourcing /Users/nathan/.vim/plugged/vim-airline/autoload/airline/extensions/whitespace.vim
051.601  000.079  000.079: sourcing /Users/nathan/.vim/plugged/vim-airline/autoload/airline/extensions/po.vim
051.879  000.108  000.108: sourcing /Users/nathan/.vim/plugged/vim-airline/autoload/airline/extensions/wordcount.vim
052.243  000.195  000.195: sourcing /Users/nathan/.vim/plugged/vim-airline/autoload/airline/extensions/tabline.vim
052.474  000.057  000.057: sourcing /Users/nathan/.vim/plugged/vim-airline/autoload/airline/extensions/tabline/autoshow.vim
052.801  000.109  000.109: sourcing /Users/nathan/.vim/plugged/vim-airline/autoload/airline/extensions/tabline/tabs.vim
053.199  000.189  000.189: sourcing /Users/nathan/.vim/plugged/vim-airline/autoload/airline/extensions/tabline/buffers.vim
053.554  000.038  000.038: sourcing /Users/nathan/.vim/plugged/vim-airline/autoload/airline/extensions/keymap.vim
053.954  000.054  000.054: sourcing /Users/nathan/.vim/plugged/vim-airline/autoload/airline/extensions/searchcount.vim
062.555  000.068  000.068: sourcing /Users/nathan/.vim/plugged/vim-airline/autoload/airline/themes.vim
062.974  000.651  000.583: sourcing /Users/nathan/.vim/plugged/vim-airline/autoload/airline/themes/dark.vim
091.813  000.172  000.172: sourcing /Users/nathan/.vim/plugged/vim-airline/autoload/airline/builder.vim
092.352  000.099  000.099: sourcing /Users/nathan/.vim/plugged/vim-airline/autoload/airline/extensions/default.vim
109.359  058.298: opening buffers
112.771  003.412: BufEnter autocommands
112.779  000.008: editing files in windows
143.192  000.269  000.269: sourcing /Applications/MacVim.app/Contents/Resources/vim/runtime/syntax/syncolor.vim
143.923  000.243  000.243: sourcing /Applications/MacVim.app/Contents/Resources/vim/runtime/syntax/syncolor.vim
152.116  039.168  038.656: sourcing /Users/nathan/.vim/plugged/gruvbox/colors/gruvbox.vim
161.221  002.343  002.343: sourcing /Users/nathan/.vim/plugged/gruvbox/autoload/airline/themes/gruvbox.vim
266.073  111.783: VimEnter autocommands
266.077  000.004: before starting main loop
267.140  000.118  000.118: sourcing /Users/nathan/.vim/plugged/vim-airline/autoload/airline/extensions/tabline/ctrlspace.vim
267.445  000.109  000.109: sourcing /Users/nathan/.vim/plugged/vim-airline/autoload/airline/extensions/tabline/tabws.vim
268.014  000.159  000.159: sourcing /Users/nathan/.vim/plugged/vim-airline/autoload/airline/extensions/tabline/builder.vim
268.286  000.065  000.065: sourcing /Users/nathan/.vim/plugged/vim-airline/autoload/airline/extensions/tabline/buflist.vim
271.998  000.045  000.045: sourcing /Users/nathan/.vim/plugged/vim-airline/autoload/airline/extensions/tabline/formatters/default.vim
277.198  000.466  000.466: sourcing /Users/nathan/.vim/plugged/ale/autoload/ale/engine.vim
277.454  000.105  000.105: sourcing /Users/nathan/.vim/plugged/ale/autoload/ale/statusline.vim
278.905  011.761: first screen update
278.906  000.001: --- VIM STARTED ---
